<?xml version="1.0" encoding="UTF-8"?>
<!-- Generated by org.testng.reporters.JUnitReportReporter -->
<testsuite hostname="Wariss-MBP.lan" failures="0" tests="1" name="com.review.api.APITestingWithTesstNG" time="0.012" errors="0" timestamp="2022-07-12T16:31:10 EDT" skipped="0">
  <testcase classname="com.review.api.APITestingWithTesstNG" name="checkStatusCode" time="0.012"/>
  <system-out/>
</testsuite> <!-- com.review.api.APITestingWithTesstNG -->
